4						7								8								
 	 	 	#			 	 	o	 	 	 	 		 	 	 	 	 	 	 	o	
 	o	#	 			 	 	 	 	o	 	 		 	#	#	 	#	 	#	 	
 	o	 	 			 	#	#	 	o	 	 		 	 	o	 	o	 	 	#	
o	o	 	o			o	o	 	#	 	#	 		 	o	 	 	 	o	o	 	
						 	o	 	#	#	#	#		 	#	 	o	 	 	o	 	
						 	 	 	o	 	 	 		 	 	o	 	 	 	 	 	
						 	#	 	 	 	#	 		o	 	 	o	o	o	o	 	
														#								
10												10										
 	 	 	 	 	 	 	 	 	 			 	 	 	 	 	 	 	 	 	 	
 	 	 	 	 	 	o	 	 	o			 	 	 	 	 	o	 	o	 	 	
 	o	 	o	 	 	o	#	 	 			 	 	#	 	#	 	 	o	 	 	
 	#	 	 	o	 	o	 	 	o			 	 	 	 	#	 	#	#	 	 	
 	 	#	#	o	 	o	#	 	 			 	 	#	o	 	#	 	 	o	 	
 	#	 	 	 	 	o	 	 	 			 	#	 	#	 	 	o	 	 	 	
 	o	 	#	o	 	#	 	 	 			 	 	 	 	 	 	 	 	 	 	
o	 	 	 	 	 	o	 	#	 			 	#	 	#	 	 	 	#	 	 	
 	o	o	o	#	o	 	 	o	 			#	 	#	 	 	o	 	#	 	 	
#	 	 	 	 	 	 	 	 	o			#	 	 	 	 	 	 	 	 	 	
11												11										
 	 	 	 	 	 	 	 	 	 	#		#	 	 	 	 	 	 	 	 	 	o
 	 	#	 	 	 	#	 	 	 	 		 	 	#	 	 	#	 	o	 	o	 
 	 	 	 	 	o	 	 	o	 	o		 	#	 	 	o	#	 	 	 	 	 
 	#	 	o	 	 	o	 	o	 	 		 	o	 	 	 	 	o	 	 	 	 
 	 	 	 	 	o	 	 	o	 	 		 	 	 	o	 	 	 	 	 	o	 
 	#	 	o	 	 	 	#	o	 	o		 	o	 	 	 	 	 	o	 	 	 
 	o	 	 	o	 	 	 	o	 	 		 	 	 	 	o	 	o	 	 	o	 
 	#	 	#	#	 	o	 	o	 	 		 	 	 	#	o	 	 	o	 	 	 
 	 	 	 	 	 	 	o	 	o	 		 	 	#	 	o	 	 	 	 	o	 
#	 	 	 	 	#	 	#	 	 	 		 	 	 	 	o	 	o	 	 	 	 
 	 	 	 	 	 	 	 	 	 	#		 	 	 	 	 	 	 	 	 	 	 
11																						
 	 	 	 	 	 	 	 	 	 	 												
 	 	o	o	 	 	#	 	 	 	 												
 	o	 	 	 	o	 	 	o	#	 												
 	 	o	o	 	 	o	o	 	o	 												
 	o	 	 	 	 	 	 	 	o	 												
 	 	o	o	 	o	o	 	 	 	 												
o	 	 	 	 	 	 	o	 	 	o												
 	o	o	o	 	o	o	 	o	o	 												
 	 	#	 	 	 	 	 	#	 	 												
 	 	 	 	 	 	o	 	 	 	 												
 	 	 	 	 	 	 	 	 	 	 												
